<?xml version="1.0" encoding="UTF-8"?>
<!-- Generated by org.testng.reporters.JUnitXMLReporter -->
<testsuite ignored="0" hostname="DESKTOP-8RSEAS0" failures="0" tests="3" name="Test" time="94.889" errors="0" timestamp="02 Jan 2019 15:16:24 GMT">
  <testcase classname="tests.ValidLoginLogoutTest" name="testValidLoginLogout" time="25.43"/>
  <testcase classname="tests.InvalidLoginTest" name="testInvalidLogin" time="24.345"/>
  <testcase classname="tests.VerifyVersionTest" name="testVerifyVersion" time="0.156"/>
</testsuite> <!-- Test -->
