<?xml version="1.0" encoding="UTF-8"?>
<testng-results ignored="0" total="3" passed="3" failed="0" skipped="0">
  <reporter-output>
    <line>
      <![CDATA[Title is matching:actiTIME - Login]]>
    </line>
    <line>
      <![CDATA[Valid Usernameadmin]]>
    </line>
    <line>
      <![CDATA[Valid passwordmanager]]>
    </line>
    <line>
      <![CDATA[Title is matching:actiTIME - Enter Time-Track]]>
    </line>
    <line>
      <![CDATA[Title is matching:actiTIME - Login]]>
    </line>
    <line>
      <![CDATA[Title is matching:actiTIME - Login]]>
    </line>
    <line>
      <![CDATA[Invalid usernameadmin]]>
    </line>
    <line>
      <![CDATA[Invalid passworddamager]]>
    </line>
    <line>
      <![CDATA[Element is present.......]]>
    </line>
    <line>
      <![CDATA[Actual error messageUsername or Password is invalid. Please try again.]]>
    </line>
    <line>
      <![CDATA[Expected Error messageUsername or Password is invalid. Please try again.]]>
    </line>
    <line>
      <![CDATA[Error message is matching....]]>
    </line>
    <line>
      <![CDATA[-------------------------------]]>
    </line>
    <line>
      <![CDATA[Invalid usernameqsp]]>
    </line>
    <line>
      <![CDATA[Invalid passwordmanager]]>
    </line>
    <line>
      <![CDATA[Element is present.......]]>
    </line>
    <line>
      <![CDATA[Actual error messageUsername or Password is invalid. Please try again.]]>
    </line>
    <line>
      <![CDATA[Expected Error messageUsername or Password is invalid. Please try again.]]>
    </line>
    <line>
      <![CDATA[Error message is matching....]]>
    </line>
    <line>
      <![CDATA[-------------------------------]]>
    </line>
    <line>
      <![CDATA[Invalid usernameqsp]]>
    </line>
    <line>
      <![CDATA[Invalid passwordjsp]]>
    </line>
    <line>
      <![CDATA[Element is present.......]]>
    </line>
    <line>
      <![CDATA[Actual error messageUsername or Password is invalid. Please try again.]]>
    </line>
    <line>
      <![CDATA[Expected Error messageUsername or Password is invalid. Please try again.]]>
    </line>
    <line>
      <![CDATA[Error message is matching....]]>
    </line>
    <line>
      <![CDATA[-------------------------------]]>
    </line>
    <line>
      <![CDATA[Invalid username]]>
    </line>
    <line>
      <![CDATA[Invalid passwordmanager]]>
    </line>
    <line>
      <![CDATA[Element is present.......]]>
    </line>
    <line>
      <![CDATA[Actual error messageUsername or Password is invalid. Please try again.]]>
    </line>
    <line>
      <![CDATA[Expected Error messageUsername or Password is invalid. Please try again.]]>
    </line>
    <line>
      <![CDATA[Error message is matching....]]>
    </line>
    <line>
      <![CDATA[-------------------------------]]>
    </line>
    <line>
      <![CDATA[Invalid usernameadmin]]>
    </line>
    <line>
      <![CDATA[Invalid password]]>
    </line>
    <line>
      <![CDATA[Element is present.......]]>
    </line>
    <line>
      <![CDATA[Actual error messageUsername or Password is invalid. Please try again.]]>
    </line>
    <line>
      <![CDATA[Expected Error messageUsername or Password is invalid. Please try again.]]>
    </line>
    <line>
      <![CDATA[Error message is matching....]]>
    </line>
    <line>
      <![CDATA[-------------------------------]]>
    </line>
    <line>
      <![CDATA[Invalid username]]>
    </line>
    <line>
      <![CDATA[Invalid password]]>
    </line>
    <line>
      <![CDATA[Element is present.......]]>
    </line>
    <line>
      <![CDATA[Actual error messageUsername or Password is invalid. Please try again.]]>
    </line>
    <line>
      <![CDATA[Expected Error messageUsername or Password is invalid. Please try again.]]>
    </line>
    <line>
      <![CDATA[Error message is matching....]]>
    </line>
    <line>
      <![CDATA[-------------------------------]]>
    </line>
    <line>
      <![CDATA[Invalid username@]]>
    </line>
    <line>
      <![CDATA[Invalid password#]]>
    </line>
    <line>
      <![CDATA[Element is present.......]]>
    </line>
    <line>
      <![CDATA[Actual error messageUsername or Password is invalid. Please try again.]]>
    </line>
    <line>
      <![CDATA[Expected Error messageUsername or Password is invalid. Please try again.]]>
    </line>
    <line>
      <![CDATA[Error message is matching....]]>
    </line>
    <line>
      <![CDATA[-------------------------------]]>
    </line>
    <line>
      <![CDATA[Invalid username1]]>
    </line>
    <line>
      <![CDATA[Invalid password3]]>
    </line>
    <line>
      <![CDATA[Element is present.......]]>
    </line>
    <line>
      <![CDATA[Actual error messageUsername or Password is invalid. Please try again.]]>
    </line>
    <line>
      <![CDATA[Expected Error messageUsername or Password is invalid. Please try again.]]>
    </line>
    <line>
      <![CDATA[Error message is matching....]]>
    </line>
    <line>
      <![CDATA[-------------------------------]]>
    </line>
    <line>
      <![CDATA[Title is matching:actiTIME - Login]]>
    </line>
    <line>
      <![CDATA[Element is present.......]]>
    </line>
    <line>
      <![CDATA[Actual VersionactiTIME 2017.4]]>
    </line>
    <line>
      <![CDATA[Expected VersionactiTIME 2017.4]]>
    </line>
    <line>
      <![CDATA[Version is matching........]]>
    </line>
  </reporter-output>
  <suite started-at="2019-01-02T15:14:49Z" name="Suite" finished-at="2019-01-02T15:16:24Z" duration-ms="94889">
    <groups>
    </groups>
    <test started-at="2019-01-02T15:14:49Z" name="Test" finished-at="2019-01-02T15:16:24Z" duration-ms="94889">
      <class name="tests.ValidLoginLogoutTest">
        <test-method is-config="true" signature="preCondition()[pri:0, instance:tests.ValidLoginLogoutTest@55fe41ea]" started-at="2019-01-02T15:14:49Z" name="preCondition" finished-at="2019-01-02T15:15:00Z" duration-ms="11082" status="PASS">
          <reporter-output>
          </reporter-output>
        </test-method> <!-- preCondition -->
        <test-method signature="testValidLoginLogout()[pri:1, instance:tests.ValidLoginLogoutTest@55fe41ea]" started-at="2019-01-02T15:15:00Z" name="testValidLoginLogout" finished-at="2019-01-02T15:15:26Z" duration-ms="25430" status="PASS">
          <reporter-output>
            <line>
              <![CDATA[Title is matching:actiTIME - Login]]>
            </line>
            <line>
              <![CDATA[Valid Usernameadmin]]>
            </line>
            <line>
              <![CDATA[Valid passwordmanager]]>
            </line>
            <line>
              <![CDATA[Title is matching:actiTIME - Enter Time-Track]]>
            </line>
            <line>
              <![CDATA[Title is matching:actiTIME - Login]]>
            </line>
          </reporter-output>
        </test-method> <!-- testValidLoginLogout -->
        <test-method is-config="true" signature="postCondition(org.testng.ITestResult)[pri:0, instance:tests.ValidLoginLogoutTest@55fe41ea]" started-at="2019-01-02T15:15:26Z" name="postCondition" finished-at="2019-01-02T15:15:27Z" duration-ms="858" status="PASS">
          <params>
            <param index="0">
              <value>
                <![CDATA[[TestResult name=testValidLoginLogout status=SUCCESS method=ValidLoginLogoutTest.testValidLoginLogout()[pri:1, instance:tests.ValidLoginLogoutTest@55fe41ea] output=Title is matching:actiTIME - Login]]]>
              </value>
            </param>
          </params>
          <reporter-output>
          </reporter-output>
        </test-method> <!-- postCondition -->
      </class> <!-- tests.ValidLoginLogoutTest -->
      <class name="tests.VerifyVersionTest">
        <test-method is-config="true" signature="preCondition()[pri:0, instance:tests.VerifyVersionTest@1c1bbc4e]" started-at="2019-01-02T15:16:03Z" name="preCondition" finished-at="2019-01-02T15:16:23Z" duration-ms="20374" status="PASS">
          <reporter-output>
          </reporter-output>
        </test-method> <!-- preCondition -->
        <test-method signature="testVerifyVersion()[pri:3, instance:tests.VerifyVersionTest@1c1bbc4e]" started-at="2019-01-02T15:16:23Z" name="testVerifyVersion" finished-at="2019-01-02T15:16:24Z" duration-ms="156" status="PASS">
          <reporter-output>
            <line>
              <![CDATA[Title is matching:actiTIME - Login]]>
            </line>
            <line>
              <![CDATA[Element is present.......]]>
            </line>
            <line>
              <![CDATA[Actual VersionactiTIME 2017.4]]>
            </line>
            <line>
              <![CDATA[Expected VersionactiTIME 2017.4]]>
            </line>
            <line>
              <![CDATA[Version is matching........]]>
            </line>
          </reporter-output>
        </test-method> <!-- testVerifyVersion -->
        <test-method is-config="true" signature="postCondition(org.testng.ITestResult)[pri:0, instance:tests.VerifyVersionTest@1c1bbc4e]" started-at="2019-01-02T15:16:24Z" name="postCondition" finished-at="2019-01-02T15:16:24Z" duration-ms="714" status="PASS">
          <params>
            <param index="0">
              <value>
                <![CDATA[[TestResult name=testVerifyVersion status=SUCCESS method=VerifyVersionTest.testVerifyVersion()[pri:3, instance:tests.VerifyVersionTest@1c1bbc4e] output=Title is matching:actiTIME - Login]]]>
              </value>
            </param>
          </params>
          <reporter-output>
          </reporter-output>
        </test-method> <!-- postCondition -->
      </class> <!-- tests.VerifyVersionTest -->
      <class name="tests.InvalidLoginTest">
        <test-method is-config="true" signature="preCondition()[pri:0, instance:tests.InvalidLoginTest@ba2f4ec]" started-at="2019-01-02T15:15:27Z" name="preCondition" finished-at="2019-01-02T15:15:38Z" duration-ms="11132" status="PASS">
          <reporter-output>
          </reporter-output>
        </test-method> <!-- preCondition -->
        <test-method signature="testInvalidLogin()[pri:2, instance:tests.InvalidLoginTest@ba2f4ec]" started-at="2019-01-02T15:15:38Z" name="testInvalidLogin" finished-at="2019-01-02T15:16:02Z" duration-ms="24345" status="PASS">
          <reporter-output>
            <line>
              <![CDATA[Title is matching:actiTIME - Login]]>
            </line>
            <line>
              <![CDATA[Invalid usernameadmin]]>
            </line>
            <line>
              <![CDATA[Invalid passworddamager]]>
            </line>
            <line>
              <![CDATA[Element is present.......]]>
            </line>
            <line>
              <![CDATA[Actual error messageUsername or Password is invalid. Please try again.]]>
            </line>
            <line>
              <![CDATA[Expected Error messageUsername or Password is invalid. Please try again.]]>
            </line>
            <line>
              <![CDATA[Error message is matching....]]>
            </line>
            <line>
              <![CDATA[-------------------------------]]>
            </line>
            <line>
              <![CDATA[Invalid usernameqsp]]>
            </line>
            <line>
              <![CDATA[Invalid passwordmanager]]>
            </line>
            <line>
              <![CDATA[Element is present.......]]>
            </line>
            <line>
              <![CDATA[Actual error messageUsername or Password is invalid. Please try again.]]>
            </line>
            <line>
              <![CDATA[Expected Error messageUsername or Password is invalid. Please try again.]]>
            </line>
            <line>
              <![CDATA[Error message is matching....]]>
            </line>
            <line>
              <![CDATA[-------------------------------]]>
            </line>
            <line>
              <![CDATA[Invalid usernameqsp]]>
            </line>
            <line>
              <![CDATA[Invalid passwordjsp]]>
            </line>
            <line>
              <![CDATA[Element is present.......]]>
            </line>
            <line>
              <![CDATA[Actual error messageUsername or Password is invalid. Please try again.]]>
            </line>
            <line>
              <![CDATA[Expected Error messageUsername or Password is invalid. Please try again.]]>
            </line>
            <line>
              <![CDATA[Error message is matching....]]>
            </line>
            <line>
              <![CDATA[-------------------------------]]>
            </line>
            <line>
              <![CDATA[Invalid username]]>
            </line>
            <line>
              <![CDATA[Invalid passwordmanager]]>
            </line>
            <line>
              <![CDATA[Element is present.......]]>
            </line>
            <line>
              <![CDATA[Actual error messageUsername or Password is invalid. Please try again.]]>
            </line>
            <line>
              <![CDATA[Expected Error messageUsername or Password is invalid. Please try again.]]>
            </line>
            <line>
              <![CDATA[Error message is matching....]]>
            </line>
            <line>
              <![CDATA[-------------------------------]]>
            </line>
            <line>
              <![CDATA[Invalid usernameadmin]]>
            </line>
            <line>
              <![CDATA[Invalid password]]>
            </line>
            <line>
              <![CDATA[Element is present.......]]>
            </line>
            <line>
              <![CDATA[Actual error messageUsername or Password is invalid. Please try again.]]>
            </line>
            <line>
              <![CDATA[Expected Error messageUsername or Password is invalid. Please try again.]]>
            </line>
            <line>
              <![CDATA[Error message is matching....]]>
            </line>
            <line>
              <![CDATA[-------------------------------]]>
            </line>
            <line>
              <![CDATA[Invalid username]]>
            </line>
            <line>
              <![CDATA[Invalid password]]>
            </line>
            <line>
              <![CDATA[Element is present.......]]>
            </line>
            <line>
              <![CDATA[Actual error messageUsername or Password is invalid. Please try again.]]>
            </line>
            <line>
              <![CDATA[Expected Error messageUsername or Password is invalid. Please try again.]]>
            </line>
            <line>
              <![CDATA[Error message is matching....]]>
            </line>
            <line>
              <![CDATA[-------------------------------]]>
            </line>
            <line>
              <![CDATA[Invalid username@]]>
            </line>
            <line>
              <![CDATA[Invalid password#]]>
            </line>
            <line>
              <![CDATA[Element is present.......]]>
            </line>
            <line>
              <![CDATA[Actual error messageUsername or Password is invalid. Please try again.]]>
            </line>
            <line>
              <![CDATA[Expected Error messageUsername or Password is invalid. Please try again.]]>
            </line>
            <line>
              <![CDATA[Error message is matching....]]>
            </line>
            <line>
              <![CDATA[-------------------------------]]>
            </line>
            <line>
              <![CDATA[Invalid username1]]>
            </line>
            <line>
              <![CDATA[Invalid password3]]>
            </line>
            <line>
              <![CDATA[Element is present.......]]>
            </line>
            <line>
              <![CDATA[Actual error messageUsername or Password is invalid. Please try again.]]>
            </line>
            <line>
              <![CDATA[Expected Error messageUsername or Password is invalid. Please try again.]]>
            </line>
            <line>
              <![CDATA[Error message is matching....]]>
            </line>
            <line>
              <![CDATA[-------------------------------]]>
            </line>
          </reporter-output>
        </test-method> <!-- testInvalidLogin -->
        <test-method is-config="true" signature="postCondition(org.testng.ITestResult)[pri:0, instance:tests.InvalidLoginTest@ba2f4ec]" started-at="2019-01-02T15:16:02Z" name="postCondition" finished-at="2019-01-02T15:16:03Z" duration-ms="782" status="PASS">
          <params>
            <param index="0">
              <value>
                <![CDATA[[TestResult name=testInvalidLogin status=SUCCESS method=InvalidLoginTest.testInvalidLogin()[pri:2, instance:tests.InvalidLoginTest@ba2f4ec] output=Title is matching:actiTIME - Login]]]>
              </value>
            </param>
          </params>
          <reporter-output>
          </reporter-output>
        </test-method> <!-- postCondition -->
      </class> <!-- tests.InvalidLoginTest -->
    </test> <!-- Test -->
  </suite> <!-- Suite -->
</testng-results>
